This is pdfTeX, Version 3.14159265-2.6-1.40.18 (TeX Live 2017) (preloaded format=pdflatex 2017.5.23)  26 MAY 2020 00:03
entering extended mode
 restricted \write18 enabled.
 file:line:error style messages enabled.
 %&-line parsing enabled.
**thesis_gd_2020.tex
(./thesis_gd_2020.tex
LaTeX2e <2017-04-15>
Babel <3.10> and hyphenation patterns for 84 language(s) loaded.
(./uclathes.cls
Document Class: uclathes 1995/05/11, 1.0
LaTeX2e port copyright (C) 1995 by John Heidemann.
Copyright (C) 1988 by Richard B. Wales, copyright (C) 1985 by Leslie Lamport.
Please send bug reports and graduation notices to <johnh@ficus.cs.ucla.edu>.
(/usr/local/texlive/2017/texmf-dist/tex/latex/base/ifthen.sty
Package: ifthen 2014/09/29 v1.1c Standard LaTeX ifthen package (DPC)
) (./uclathma.clo
File: uclathma 1995/08/25, 1.0 beta
) (./uclath17.clo
File: uclath17.clo 1995/05/11, 1.0 beta
)
\descriptionmargin=\dimen102
\c@part=\count79
\c@chapter=\count80
\c@section=\count81
\c@subsection=\count82
\c@subsubsection=\count83
\c@paragraph=\count84
\c@subparagraph=\count85
\c@figure=\count86
\c@table=\count87
 (./uclathti.clo
File: uclathti 1995/05/11, 1.0 beta
\c@chairs=\count88
\c@members=\count89
\c@vitaitems=\count90
\c@publications=\count91
))
(/usr/local/texlive/2017/texmf-dist/tex/latex/amsmath/amsmath.sty
Package: amsmath 2017/09/02 v2.17a AMS math features
\@mathmargin=\skip41

For additional information on amsmath, use the `?' option.
(/usr/local/texlive/2017/texmf-dist/tex/latex/amsmath/amstext.sty
Package: amstext 2000/06/29 v2.01 AMS text

(/usr/local/texlive/2017/texmf-dist/tex/latex/amsmath/amsgen.sty
File: amsgen.sty 1999/11/30 v2.0 generic functions
\@emptytoks=\toks14
\ex@=\dimen103
))
(/usr/local/texlive/2017/texmf-dist/tex/latex/amsmath/amsbsy.sty
Package: amsbsy 1999/11/29 v1.2d Bold Symbols
\pmbraise@=\dimen104
)
(/usr/local/texlive/2017/texmf-dist/tex/latex/amsmath/amsopn.sty
Package: amsopn 2016/03/08 v2.02 operator names
)
\inf@bad=\count92
LaTeX Info: Redefining \frac on input line 213.
\uproot@=\count93
\leftroot@=\count94
LaTeX Info: Redefining \overline on input line 375.
\classnum@=\count95
\DOTSCASE@=\count96
LaTeX Info: Redefining \ldots on input line 472.
LaTeX Info: Redefining \dots on input line 475.
LaTeX Info: Redefining \cdots on input line 596.
\Mathstrutbox@=\box26
\strutbox@=\box27
\big@size=\dimen105
LaTeX Font Info:    Redeclaring font encoding OML on input line 712.
LaTeX Font Info:    Redeclaring font encoding OMS on input line 713.
\macc@depth=\count97
\c@MaxMatrixCols=\count98
\dotsspace@=\muskip10
\c@parentequation=\count99
\dspbrk@lvl=\count100
\tag@help=\toks15
\row@=\count101
\column@=\count102
\maxfields@=\count103
\andhelp@=\toks16
\eqnshift@=\dimen106
\alignsep@=\dimen107
\tagshift@=\dimen108
\tagwidth@=\dimen109
\totwidth@=\dimen110
\lineht@=\dimen111
\@envbody=\toks17
\multlinegap=\skip42
\multlinetaggap=\skip43
\mathdisplay@stack=\toks18
LaTeX Info: Redefining \[ on input line 2817.
LaTeX Info: Redefining \] on input line 2818.
)
(/usr/local/texlive/2017/texmf-dist/tex/latex/booktabs/booktabs.sty
Package: booktabs 2016/04/27 v1.618033 publication quality tables
\heavyrulewidth=\dimen112
\lightrulewidth=\dimen113
\cmidrulewidth=\dimen114
\belowrulesep=\dimen115
\belowbottomsep=\dimen116
\aboverulesep=\dimen117
\abovetopsep=\dimen118
\cmidrulesep=\dimen119
\cmidrulekern=\dimen120
\defaultaddspace=\dimen121
\@cmidla=\count104
\@cmidlb=\count105
\@aboverulesep=\dimen122
\@belowrulesep=\dimen123
\@thisruleclass=\count106
\@lastruleclass=\count107
\@thisrulewidth=\dimen124
)
(/usr/local/texlive/2017/texmf-dist/tex/latex/graphics/graphicx.sty
Package: graphicx 2014/10/28 v1.0g Enhanced LaTeX Graphics (DPC,SPQR)

(/usr/local/texlive/2017/texmf-dist/tex/latex/graphics/keyval.sty
Package: keyval 2014/10/28 v1.15 key=value parser (DPC)
\KV@toks@=\toks19
)
(/usr/local/texlive/2017/texmf-dist/tex/latex/graphics/graphics.sty
Package: graphics 2017/04/14 v1.1b Standard LaTeX Graphics (DPC,SPQR)

(/usr/local/texlive/2017/texmf-dist/tex/latex/graphics/trig.sty
Package: trig 2016/01/03 v1.10 sin cos tan (DPC)
)
(/usr/local/texlive/2017/texmf-dist/tex/latex/graphics-cfg/graphics.cfg
File: graphics.cfg 2016/06/04 v1.11 sample graphics configuration
)
Package graphics Info: Driver file: pdftex.def on input line 99.

(/usr/local/texlive/2017/texmf-dist/tex/latex/graphics-def/pdftex.def
File: pdftex.def 2017/01/12 v0.06k Graphics/color for pdfTeX

(/usr/local/texlive/2017/texmf-dist/tex/generic/oberdiek/infwarerr.sty
Package: infwarerr 2016/05/16 v1.4 Providing info/warning/error messages (HO)
)
(/usr/local/texlive/2017/texmf-dist/tex/generic/oberdiek/ltxcmds.sty
Package: ltxcmds 2016/05/16 v1.23 LaTeX kernel commands for general use (HO)
)
\Gread@gobject=\count108
))
\Gin@req@height=\dimen125
\Gin@req@width=\dimen126
)
(/usr/local/texlive/2017/texmf-dist/tex/latex/multirow/multirow.sty
Package: multirow 2016/11/25 v2.2 Span multiple rows of a table
\multirow@colwidth=\skip44
\multirow@cntb=\count109
\multirow@dima=\skip45
\bigstrutjot=\dimen127
)
(/usr/local/texlive/2017/texmf-dist/tex/latex/url/url.sty
\Urlmuskip=\muskip11
Package: url 2013/09/16  ver 3.4  Verb mode for urls, etc.
)
(/usr/local/texlive/2017/texmf-dist/tex/latex/tools/longtable.sty
Package: longtable 2014/10/28 v4.11 Multi-page Table package (DPC)
\LTleft=\skip46
\LTright=\skip47
\LTpre=\skip48
\LTpost=\skip49
\LTchunksize=\count110
\LTcapwidth=\dimen128
\LT@head=\box28
\LT@firsthead=\box29
\LT@foot=\box30
\LT@lastfoot=\box31
\LT@cols=\count111
\LT@rows=\count112
\c@LT@tables=\count113
\c@LT@chunks=\count114
\LT@p@ftn=\toks20
)
(/usr/local/texlive/2017/texmf-dist/tex/latex/caption/caption.sty
Package: caption 2016/02/21 v3.3-144 Customizing captions (AR)

(/usr/local/texlive/2017/texmf-dist/tex/latex/caption/caption3.sty
Package: caption3 2016/05/22 v1.7-166 caption3 kernel (AR)
Package caption3 Info: TeX engine: e-TeX on input line 67.
\captionmargin=\dimen129
\captionmargin@=\dimen130
\captionwidth=\dimen131
\caption@tempdima=\dimen132
\caption@indent=\dimen133
\caption@parindent=\dimen134
\caption@hangindent=\dimen135
\abovecaptionskip=\skip50
\belowcaptionskip=\skip51
Package caption Info: Unknown document class (or package),
(caption)             standard defaults will be used.
)

Package caption Warning: Unsupported document class (or package) detected,
(caption)                usage of the caption package is not recommended.
See the caption package documentation for explanation.

Package caption Info: \@makecaption = \long macro:#1#2-> \vskip 10pt \setbox \@
tempboxa \hbox {#1: #2} \ifdim \wd \@tempboxa >\hsize \unhbox \@tempboxa \par \
else \hbox to\hsize {\hfil \box \@tempboxa \hfil } \fi .
\c@ContinuedFloat=\count115
Package caption Info: longtable package is loaded.
(/usr/local/texlive/2017/texmf-dist/tex/latex/caption/ltcaption.sty
Package: ltcaption 2013/06/09 v1.4-94 longtable captions (AR)
))
(/usr/local/texlive/2017/texmf-dist/tex/latex/subfig/subfig.sty
Package: subfig 2005/06/28 ver: 1.3 subfig package


Package subfig Warning: Your document class has a bad definition
 of \endfigure, most likely
 \let\endfigure=\end@float
 which has now been changed to
 \def\endfigure{\end@float}
 because otherwise subsequent changes to \end@float
 (like done by several packages changing float behaviour)
 can't take effect on \endfigure.
 Please complain to your document class author.


Package subfig Warning: Your document class has a bad definition
 of \endtable, most likely
 \let\endtable=\end@float
 which has now been changed to
 \def\endtable{\end@float}
 because otherwise subsequent changes to \end@float
 (like done by several packages changing float behaviour)
 can't take effect on \endtable.
 Please complain to your document class author.

\c@KVtest=\count116
\sf@farskip=\skip52
\sf@captopadj=\dimen136
\sf@capskip=\skip53
\sf@nearskip=\skip54
\c@subfigure=\count117
\c@subfigure@save=\count118
\c@lofdepth=\count119
\c@subtable=\count120
\c@subtable@save=\count121
\c@lotdepth=\count122
\sf@top=\skip55
\sf@bottom=\skip56
) (./thesis_gd_2020.aux

LaTeX Warning: Label `eq:kc-deriv3' multiply defined.

)
\openout1 = `thesis_gd_2020.aux'.

LaTeX Font Info:    Checking defaults for OML/cmm/m/it on input line 106.
LaTeX Font Info:    ... okay on input line 106.
LaTeX Font Info:    Checking defaults for T1/cmr/m/n on input line 106.
LaTeX Font Info:    ... okay on input line 106.
LaTeX Font Info:    Checking defaults for OT1/cmr/m/n on input line 106.
LaTeX Font Info:    ... okay on input line 106.
LaTeX Font Info:    Checking defaults for OMS/cmsy/m/n on input line 106.
LaTeX Font Info:    ... okay on input line 106.
LaTeX Font Info:    Checking defaults for OMX/cmex/m/n on input line 106.
LaTeX Font Info:    ... okay on input line 106.
LaTeX Font Info:    Checking defaults for U/cmr/m/n on input line 106.
LaTeX Font Info:    ... okay on input line 106.
 (/usr/local/texlive/2017/texmf-dist/tex/context/base/mkii/supp-pdf.mkii
[Loading MPS to PDF converter (version 2006.09.02).]
\scratchcounter=\count123
\scratchdimen=\dimen137
\scratchbox=\box32
\nofMPsegments=\count124
\nofMParguments=\count125
\everyMPshowfont=\toks21
\MPscratchCnt=\count126
\MPscratchDim=\dimen138
\MPnumerator=\count127
\makeMPintoPDFobject=\count128
\everyMPtoPDFconversion=\toks22
) (/usr/local/texlive/2017/texmf-dist/tex/generic/oberdiek/pdftexcmds.sty
Package: pdftexcmds 2017/03/19 v0.25 Utility functions of pdfTeX for LuaTeX (HO
)

(/usr/local/texlive/2017/texmf-dist/tex/generic/oberdiek/ifluatex.sty
Package: ifluatex 2016/05/16 v1.4 Provides the ifluatex switch (HO)
Package ifluatex Info: LuaTeX not detected.
)
(/usr/local/texlive/2017/texmf-dist/tex/generic/oberdiek/ifpdf.sty
Package: ifpdf 2017/03/15 v3.2 Provides the ifpdf switch
)
Package pdftexcmds Info: LuaTeX not detected.
Package pdftexcmds Info: \pdf@primitive is available.
Package pdftexcmds Info: \pdf@ifprimitive is available.
Package pdftexcmds Info: \pdfdraftmode found.
)
(/usr/local/texlive/2017/texmf-dist/tex/latex/oberdiek/epstopdf-base.sty
Package: epstopdf-base 2016/05/15 v2.6 Base part for package epstopdf

(/usr/local/texlive/2017/texmf-dist/tex/latex/oberdiek/grfext.sty
Package: grfext 2016/05/16 v1.2 Manage graphics extensions (HO)

(/usr/local/texlive/2017/texmf-dist/tex/generic/oberdiek/kvdefinekeys.sty
Package: kvdefinekeys 2016/05/16 v1.4 Define keys (HO)
))
(/usr/local/texlive/2017/texmf-dist/tex/latex/oberdiek/kvoptions.sty
Package: kvoptions 2016/05/16 v3.12 Key value format for package options (HO)

(/usr/local/texlive/2017/texmf-dist/tex/generic/oberdiek/kvsetkeys.sty
Package: kvsetkeys 2016/05/16 v1.17 Key value parser (HO)

(/usr/local/texlive/2017/texmf-dist/tex/generic/oberdiek/etexcmds.sty
Package: etexcmds 2016/05/16 v1.6 Avoid name clashes with e-TeX commands (HO)
Package etexcmds Info: Could not find \expanded.
(etexcmds)             That can mean that you are not using pdfTeX 1.50 or
(etexcmds)             that some package has redefined \expanded.
(etexcmds)             In the latter case, load this package earlier.
)))
Package epstopdf-base Info: Redefining graphics rule for `.eps' on input line 4
38.
Package grfext Info: Graphics extension search list:
(grfext)             [.png,.pdf,.jpg,.mps,.jpeg,.jbig2,.jb2,.PNG,.PDF,.JPG,.JPE
G,.JBIG2,.JB2,.eps]
(grfext)             \AppendGraphicsExtensions on input line 456.

(/usr/local/texlive/2017/texmf-dist/tex/latex/latexconfig/epstopdf-sys.cfg
File: epstopdf-sys.cfg 2010/07/13 v1.3 Configuration of (r)epstopdf for TeX Liv
e
))
Package caption Info: Begin \AtBeginDocument code.
Package caption Info: subfig package v1.3 is loaded.
Package caption Info: End \AtBeginDocument code.

[0


{/usr/local/texlive/2017/texmf-var/fonts/map/pdftex/updmap/pdftex.map}]
LaTeX Font Info:    Try loading font information for OMS+cmr on input line 107.


(/usr/local/texlive/2017/texmf-dist/tex/latex/base/omscmr.fd
File: omscmr.fd 2014/09/29 v2.5h Standard LaTeX font definitions
)
LaTeX Font Info:    Font shape `OMS/cmr/m/n' in size <12> not available
(Font)              Font shape `OMS/cmsy/m/n' tried instead on input line 107.
 [1

]
Underfull \hbox (badness 10000) in paragraph at lines 107--107

 []

[2

] [3

] (./thesis_gd_2020.toc [4

])
\tf@toc=\write3
\openout3 = `thesis_gd_2020.toc'.

 [5] (./thesis_gd_2020.lof)
\tf@lof=\write4
\openout4 = `thesis_gd_2020.lof'.

 [6

]
(./thesis_gd_2020.lot)
\tf@lot=\write5
\openout5 = `thesis_gd_2020.lot'.

 [7

] [8]
CHAPTER 1.
[1

] [2] <./images/20200520_betting_map.png, id=42, 1300.86pt x 1250.6725pt>
File: ./images/20200520_betting_map.png Graphic file (type png)

<use ./images/20200520_betting_map.png>
Package pdftex.def Info: ./images/20200520_betting_map.png used on input line 1
41.
(pdftex.def)             Requested size: 250.93842pt x 241.25615pt.

Overfull \hbox (18.0675pt too wide) in paragraph at lines 142--142
[] [] 
 []

[3 <./images/20200520_betting_map.png (PNG copy)>]
<./images/gaming_revenue.png, id=46, 1039.885pt x 851.18pt>
File: ./images/gaming_revenue.png Graphic file (type png)

<use ./images/gaming_revenue.png>
Package pdftex.def Info: ./images/gaming_revenue.png used on input line 150.
(pdftex.def)             Requested size: 301.1261pt x 246.47221pt.

Overfull \hbox (18.0675pt too wide) in paragraph at lines 151--151
[] [] 
 []

[4 <./images/gaming_revenue.png>] [5]
CHAPTER 2.
[6

]
Underfull \hbox (badness 10000) in paragraph at lines 175--177

 []

[7]
Underfull \hbox (badness 10000) in paragraph at lines 195--197

 []

[8]
Underfull \hbox (badness 10000) in paragraph at lines 232--233

 []

[9]
Underfull \hbox (badness 10000) in paragraph at lines 245--246

 []


Underfull \hbox (badness 10000) in paragraph at lines 257--258

 []

[10]
Underfull \hbox (badness 10000) in paragraph at lines 273--274

 []

[11]
Underfull \hbox (badness 10000) in paragraph at lines 290--296

 []


Underfull \hbox (badness 10000) in paragraph at lines 297--306

 []


Underfull \hbox (badness 10000) in paragraph at lines 308--309

 []


Underfull \hbox (badness 10000) in paragraph at lines 311--312

 []

[12]
Underfull \hbox (badness 10000) in paragraph at lines 326--327

 []


Overfull \hbox (18.0675pt too wide) in paragraph at lines 329--329
[] [] 
 []

[13]
CHAPTER 3.
<./images/fav_sports.png, id=84, 722.7pt x 373.395pt>
File: ./images/fav_sports.png Graphic file (type png)

<use ./images/fav_sports.png>
Package pdftex.def Info: ./images/fav_sports.png used on input line 351.
(pdftex.def)             Requested size: 351.31378pt x 181.51227pt.

Overfull \hbox (18.0675pt too wide) in paragraph at lines 352--352
[] [] 
 []

[14

 <./images/fav_sports.png>] [15]
Overfull \hbox (18.0675pt too wide) in paragraph at lines 371--371
[] [] 
 []


Overfull \hbox (11.8281pt too wide) in alignment at lines 370--375
 [] [] [] 
 []


Overfull \hbox (11.8281pt too wide) in alignment at lines 375--377
 [] [] [] 
 []


Overfull \hbox (11.8281pt too wide) in alignment at lines 377--380
 [] [] [] 
 []


Overfull \hbox (11.8281pt too wide) in alignment at lines 380--382
 [] [] [] 
 []


Overfull \hbox (11.8281pt too wide) in alignment at lines 382--404
 [] [] [] 
 []

[16]
Overfull \hbox (11.8281pt too wide) in alignment at lines 404--424
 [] [] [] 
 []


Overfull \hbox (11.8281pt too wide) in alignment at lines 424--431
 [] [] [] 
 []

[17] [18] [19]
CHAPTER 4.
[20

] <./images/stats_season_avg.png, id=112, 1166.3575pt x 843.15pt>
File: ./images/stats_season_avg.png Graphic file (type png)

<use ./images/stats_season_avg.png>
Package pdftex.def Info: ./images/stats_season_avg.png used on input line 462.
(pdftex.def)             Requested size: 501.87683pt x 362.80473pt.

Overfull \hbox (32.12184pt too wide) in paragraph at lines 462--463
 [][] 
 []


Overfull \hbox (18.0675pt too wide) in paragraph at lines 463--463
[] [] 
 []

[21 <./images/stats_season_avg.png>]
Underfull \hbox (badness 10000) in paragraph at lines 472--473

 []


Underfull \hbox (badness 10000) in paragraph at lines 476--477

 []

<./images/pace_byseason.png, id=117, 1003.75pt x 1003.75pt>
File: ./images/pace_byseason.png Graphic file (type png)

<use ./images/pace_byseason.png>
Package pdftex.def Info: ./images/pace_byseason.png used on input line 480.
(pdftex.def)             Requested size: 401.50146pt x 401.50821pt.

Overfull \hbox (18.0675pt too wide) in paragraph at lines 481--481
[] [] 
 []


LaTeX Warning: `h' float specifier changed to `ht'.

[22] <./images/pace_adjust_hist.png, id=122, 1166.3575pt x 843.15pt>
File: ./images/pace_adjust_hist.png Graphic file (type png)

<use ./images/pace_adjust_hist.png>
Package pdftex.def Info: ./images/pace_adjust_hist.png used on input line 494.
(pdftex.def)             Requested size: 501.87683pt x 362.80473pt.

Overfull \hbox (32.12184pt too wide) in paragraph at lines 494--495
 [][] 
 []


Overfull \hbox (18.0675pt too wide) in paragraph at lines 495--495
[] [] 
 []


LaTeX Warning: `h' float specifier changed to `ht'.

[23 <./images/pace_byseason.png>]
<./images/off_rtg.png, id=127, 1003.75pt x 602.25pt>
File: ./images/off_rtg.png Graphic file (type png)

<use ./images/off_rtg.png>
Package pdftex.def Info: ./images/off_rtg.png used on input line 503.
(pdftex.def)             Requested size: 451.68915pt x 271.01918pt.

Overfull \hbox (18.0675pt too wide) in paragraph at lines 504--504
[] [] 
 []

<./images/def_rtg.png, id=128, 1003.75pt x 602.25pt>
File: ./images/def_rtg.png Graphic file (type png)

<use ./images/def_rtg.png>
Package pdftex.def Info: ./images/def_rtg.png used on input line 510.
(pdftex.def)             Requested size: 451.68915pt x 271.01918pt.

Overfull \hbox (18.0675pt too wide) in paragraph at lines 511--511
[] [] 
 []

<./images/net_rtg.png, id=129, 1003.75pt x 602.25pt>
File: ./images/net_rtg.png Graphic file (type png)

<use ./images/net_rtg.png>
Package pdftex.def Info: ./images/net_rtg.png used on input line 517.
(pdftex.def)             Requested size: 451.68915pt x 271.01918pt.

Overfull \hbox (18.0675pt too wide) in paragraph at lines 518--518
[] [] 
 []


LaTeX Warning: `h' float specifier changed to `ht'.

[24 <./images/pace_adjust_hist.png>] [25 <./images/off_rtg.png> <./images/def_r
tg.png>] [26 <./images/net_rtg.png>] [27] [28]
CHAPTER 5.
<./images/corrs_plot.png, id=151, 3079.505pt x 1748.5325pt>
File: ./images/corrs_plot.png Graphic file (type png)

<use ./images/corrs_plot.png>
Package pdftex.def Info: ./images/corrs_plot.png used on input line 554.
(pdftex.def)             Requested size: 501.87683pt x 284.94691pt.

Overfull \hbox (32.12184pt too wide) in paragraph at lines 554--555
 [][] 
 []


Overfull \hbox (18.0675pt too wide) in paragraph at lines 555--555
[] [] 
 []

[29

 <./images/corrs_plot.png>] [30]
CHAPTER 6.
[31

]
CHAPTER 7.

Underfull \hbox (badness 10000) in paragraph at lines 578--579

 []

[32

]
Underfull \hbox (badness 10000) in paragraph at lines 591--592

 []

<./images/break-even.png, id=165, 1003.75pt x 903.375pt>
File: ./images/break-even.png Graphic file (type png)

<use ./images/break-even.png>
Package pdftex.def Info: ./images/break-even.png used on input line 606.
(pdftex.def)             Requested size: 325.215pt x 292.69742pt.

Overfull \hbox (70.63303pt too wide) in paragraph at lines 612--625
 [][] 
 []


Overfull \hbox (18.0675pt too wide) in paragraph at lines 626--626
[] [] 
 []


Underfull \hbox (badness 10000) in paragraph at lines 632--633

 []

[33] [34 <./images/break-even.png>] [35]
<./images/fixed-bets-fav.png, id=177, 629.35126pt x 579.16376pt>
File: ./images/fixed-bets-fav.png Graphic file (type png)

<use ./images/fixed-bets-fav.png>
Package pdftex.def Info: ./images/fixed-bets-fav.png used on input line 658.
(pdftex.def)             Requested size: 220.50885pt x 202.92244pt.

<./images/fixed-bets-edge.png, id=178, 629.35126pt x 579.16376pt>
File: ./images/fixed-bets-edge.png Graphic file (type png)

<use ./images/fixed-bets-edge.png>
Package pdftex.def Info: ./images/fixed-bets-edge.png used on input line 660.
(pdftex.def)             Requested size: 220.50885pt x 202.92244pt.

Overfull \hbox (18.0675pt too wide) in paragraph at lines 661--661
[] [] 
 []

<./images/bet-performance-fixed.png, id=179, 1003.75pt x 702.625pt>
File: ./images/bet-performance-fixed.png Graphic file (type png)

<use ./images/bet-performance-fixed.png>
Package pdftex.def Info: ./images/bet-performance-fixed.png used on input line 
670.
(pdftex.def)             Requested size: 451.68915pt x 316.18904pt.

Overfull \hbox (18.0675pt too wide) in paragraph at lines 671--671
[] [] 
 []

[36 <./images/fixed-bets-fav.png> <./images/fixed-bets-edge.png>] [37 <./images
/bet-performance-fixed.png>]

LaTeX Warning: No positions in optional float specifier.
               Default added (so using `tbp') on input line 681.


Overfull \hbox (18.0675pt too wide) in paragraph at lines 683--683
[] [] 
 []

[38]
CHAPTER 8.
[39

] [40] [41]
Underfull \hbox (badness 10000) in paragraph at lines 780--781

 []

[42] [43] [44] [45] [46] [47]
<./images/bet-performance-kc.png, id=221, 1003.75pt x 702.625pt>
File: ./images/bet-performance-kc.png Graphic file (type png)

<use ./images/bet-performance-kc.png>
Package pdftex.def Info: ./images/bet-performance-kc.png used on input line 915
.
(pdftex.def)             Requested size: 451.68915pt x 316.18904pt.

Overfull \hbox (18.0675pt too wide) in paragraph at lines 916--916
[] [] 
 []

[48 <./images/bet-performance-kc.png>] [49]
CHAPTER 9.
[50

]
CHAPTER 10.

LaTeX Warning: No positions in optional float specifier.
               Default added (so using `tbp') on input line 933.


Overfull \hbox (18.0675pt too wide) in paragraph at lines 935--935
[] [] 
 []

(./thesis_gd_2020.bbl [51

] [52]) [53

] (./thesis_gd_2020.aux)

LaTeX Warning: There were multiply-defined labels.

 ) 
Here is how much of TeX's memory you used:
 3977 strings out of 492995
 59698 string characters out of 6132704
 133971 words of memory out of 5000000
 7451 multiletter control sequences out of 15000+600000
 9706 words of font info for 36 fonts, out of 8000000 for 9000
 1141 hyphenation exceptions out of 8191
 39i,17n,46p,1424b,342s stack positions out of 5000i,500n,10000p,200000b,80000s
</usr/local/texlive/2017/texmf-dist/fonts/type1/public/amsfonts/cm/cmbx12.pfb
></usr/local/texlive/2017/texmf-dist/fonts/type1/public/amsfonts/cm/cmex10.pfb>
</usr/local/texlive/2017/texmf-dist/fonts/type1/public/amsfonts/cm/cmmi12.pfb><
/usr/local/texlive/2017/texmf-dist/fonts/type1/public/amsfonts/cm/cmmi6.pfb></u
sr/local/texlive/2017/texmf-dist/fonts/type1/public/amsfonts/cm/cmmi8.pfb></usr
/local/texlive/2017/texmf-dist/fonts/type1/public/amsfonts/cm/cmr10.pfb></usr/l
ocal/texlive/2017/texmf-dist/fonts/type1/public/amsfonts/cm/cmr12.pfb></usr/loc
al/texlive/2017/texmf-dist/fonts/type1/public/amsfonts/cm/cmr6.pfb></usr/local/
texlive/2017/texmf-dist/fonts/type1/public/amsfonts/cm/cmr7.pfb></usr/local/tex
live/2017/texmf-dist/fonts/type1/public/amsfonts/cm/cmr8.pfb></usr/local/texliv
e/2017/texmf-dist/fonts/type1/public/amsfonts/cm/cmsy10.pfb></usr/local/texlive
/2017/texmf-dist/fonts/type1/public/amsfonts/cm/cmsy8.pfb></usr/local/texlive/2
017/texmf-dist/fonts/type1/public/amsfonts/cm/cmti12.pfb></usr/local/texlive/20
17/texmf-dist/fonts/type1/public/amsfonts/cm/cmtt10.pfb></usr/local/texlive/201
7/texmf-dist/fonts/type1/public/amsfonts/cm/cmtt12.pfb>
Output written on thesis_gd_2020.pdf (62 pages, 1809999 bytes).
PDF statistics:
 292 PDF objects out of 1000 (max. 8388607)
 185 compressed objects within 2 object streams
 0 named destinations out of 1000 (max. 500000)
 76 words of extra memory for PDF output out of 10000 (max. 10000000)

