This is pdfTeX, Version 3.14159265-2.6-1.40.18 (TeX Live 2017) (preloaded format=pdflatex 2017.5.23)  20 MAY 2020 01:33
entering extended mode
 restricted \write18 enabled.
 file:line:error style messages enabled.
 %&-line parsing enabled.
**uclath17.clo
(./uclath17.clo
LaTeX2e <2017-04-15>
Babel <3.10> and hyphenation patterns for 84 language(s) loaded.
File: uclath17.clo 1995/05/11, 1.0 beta
./uclath17.clo:87: You can't use `\spacefactor' in vertical mode.
\@->\spacefactor 
                 \@m {}
l.87 \normalsize
                  % Choose the normalsize font.
? 
./uclath17.clo:87: Emergency stop.
\@->\spacefactor 
                 \@m {}
l.87 \normalsize
                  % Choose the normalsize font.
End of file on the terminal!

 
Here is how much of TeX's memory you used:
 17 strings out of 492995
 222 string characters out of 6132704
 54074 words of memory out of 5000000
 3669 multiletter control sequences out of 15000+600000
 3640 words of font info for 14 fonts, out of 8000000 for 9000
 1141 hyphenation exceptions out of 8191
 7i,0n,6p,99b,20s stack positions out of 5000i,500n,10000p,200000b,80000s
./uclath17.clo:87:  ==> Fatal error occurred, no output PDF file produced!
